<?xml version="1.0" encoding="UTF-8"?>
<!-- Generated by org.testng.reporters.JUnitXMLReporter -->
<testsuite ignored="0" hostname="DESKTOP-KJI7EVB" failures="0" tests="3" name="Test" time="106.058" errors="0" timestamp="2023-02-20T14:48:37 AEDT">
  <testcase classname="com.jupiter.testScripts.TC3_CartPageVerification" name="testcase3" time="21.153"/>
  <testcase classname="com.jupiter.testScripts.TC1_ContactPage_MandatoryFieldsCheck" name="testcase1" time="16.84"/>
  <testcase classname="com.jupiter.testScripts.TC2_ContactPage_SuccessMessage" name="testcase2" time="26.792"/>
</testsuite> <!-- Test -->
