<?xml version="1.0" encoding="UTF-8"?>
<testng-results ignored="0" total="3" passed="3" failed="0" skipped="0">
  <reporter-output>
  </reporter-output>
  <suite started-at="2023-02-20T14:46:50 AEDT" name="Suite" finished-at="2023-02-20T14:48:36 AEDT" duration-ms="106058">
    <groups>
    </groups>
    <test started-at="2023-02-20T14:46:50 AEDT" name="Test" finished-at="2023-02-20T14:48:36 AEDT" duration-ms="106058">
      <class name="com.jupiter.testScripts.TC3_CartPageVerification">
        <test-method is-config="true" signature="init()[pri:0, instance:com.jupiter.testScripts.TC3_CartPageVerification@16a0ee18]" started-at="2023-02-20T14:46:50 AEDT" name="init" finished-at="2023-02-20T14:47:10 AEDT" duration-ms="19738" status="PASS">
          <reporter-output>
          </reporter-output>
        </test-method> <!-- init -->
        <test-method signature="testcase3()[pri:0, instance:com.jupiter.testScripts.TC3_CartPageVerification@16a0ee18]" started-at="2023-02-20T14:47:10 AEDT" name="testcase3" finished-at="2023-02-20T14:47:31 AEDT" duration-ms="21153" status="PASS">
          <reporter-output>
          </reporter-output>
        </test-method> <!-- testcase3 -->
        <test-method is-config="true" signature="Closebrowser()[pri:0, instance:com.jupiter.testScripts.TC3_CartPageVerification@16a0ee18]" started-at="2023-02-20T14:47:31 AEDT" name="Closebrowser" finished-at="2023-02-20T14:47:35 AEDT" duration-ms="3836" status="PASS">
          <reporter-output>
          </reporter-output>
        </test-method> <!-- Closebrowser -->
      </class> <!-- com.jupiter.testScripts.TC3_CartPageVerification -->
      <class name="com.jupiter.testScripts.TC2_ContactPage_SuccessMessage">
        <test-method is-config="true" signature="init()[pri:0, instance:com.jupiter.testScripts.TC2_ContactPage_SuccessMessage@485966cc]" started-at="2023-02-20T14:48:03 AEDT" name="init" finished-at="2023-02-20T14:48:09 AEDT" duration-ms="6702" status="PASS">
          <reporter-output>
          </reporter-output>
        </test-method> <!-- init -->
        <test-method signature="testcase2()[pri:0, instance:com.jupiter.testScripts.TC2_ContactPage_SuccessMessage@485966cc]" started-at="2023-02-20T14:48:09 AEDT" name="testcase2" finished-at="2023-02-20T14:48:36 AEDT" duration-ms="26792" status="PASS">
          <reporter-output>
          </reporter-output>
        </test-method> <!-- testcase2 -->
        <test-method is-config="true" signature="Closebrowser()[pri:0, instance:com.jupiter.testScripts.TC2_ContactPage_SuccessMessage@485966cc]" started-at="2023-02-20T14:48:36 AEDT" name="Closebrowser" finished-at="2023-02-20T14:48:36 AEDT" duration-ms="219" status="PASS">
          <reporter-output>
          </reporter-output>
        </test-method> <!-- Closebrowser -->
      </class> <!-- com.jupiter.testScripts.TC2_ContactPage_SuccessMessage -->
      <class name="com.jupiter.testScripts.TC1_ContactPage_MandatoryFieldsCheck">
        <test-method is-config="true" signature="init()[pri:0, instance:com.jupiter.testScripts.TC1_ContactPage_MandatoryFieldsCheck@c88a337]" started-at="2023-02-20T14:47:35 AEDT" name="init" finished-at="2023-02-20T14:47:45 AEDT" duration-ms="9920" status="PASS">
          <reporter-output>
          </reporter-output>
        </test-method> <!-- init -->
        <test-method signature="testcase1()[pri:0, instance:com.jupiter.testScripts.TC1_ContactPage_MandatoryFieldsCheck@c88a337]" started-at="2023-02-20T14:47:45 AEDT" name="testcase1" finished-at="2023-02-20T14:48:02 AEDT" duration-ms="16840" status="PASS">
          <reporter-output>
          </reporter-output>
        </test-method> <!-- testcase1 -->
        <test-method is-config="true" signature="Closebrowser()[pri:0, instance:com.jupiter.testScripts.TC1_ContactPage_MandatoryFieldsCheck@c88a337]" started-at="2023-02-20T14:48:02 AEDT" name="Closebrowser" finished-at="2023-02-20T14:48:03 AEDT" duration-ms="787" status="PASS">
          <reporter-output>
          </reporter-output>
        </test-method> <!-- Closebrowser -->
      </class> <!-- com.jupiter.testScripts.TC1_ContactPage_MandatoryFieldsCheck -->
    </test> <!-- Test -->
  </suite> <!-- Suite -->
</testng-results>
